This file contains any messages produced by compilers while
running configure, to aid debugging if configure makes a mistake.

It was created by HMMER configure 3.1b1, which was
generated by GNU Autoconf 2.63.  Invocation command line was

  $ ./configure 

## --------- ##
## Platform. ##
## --------- ##

hostname = dhcp-10-5-19-130.wireless.rochester.edu
uname -m = x86_64
uname -r = 13.0.0
uname -s = Darwin
uname -v = Darwin Kernel Version 13.0.0: Thu Sep 19 22:22:27 PDT 2013; root:xnu-2422.1.72~6/RELEASE_X86_64

/usr/bin/uname -p = i386
/bin/uname -X     = unknown

/bin/arch              = unknown
/usr/bin/arch -k       = unknown
/usr/convex/getsysinfo = unknown
/usr/bin/hostinfo      = Mach kernel version:
	 Darwin Kernel Version 13.0.0: Thu Sep 19 22:22:27 PDT 2013; root:xnu-2422.1.72~6/RELEASE_X86_64
Kernel configured for up to 8 processors.
4 processors are physically available.
8 processors are logically available.
Processor type: i486 (Intel 80486)
Processors active: 0 1 2 3 4 5 6 7
Primary memory available: 16.00 gigabytes
Default processor set: 144 tasks, 618 threads, 8 processors
Load average: 0.78, Mach factor: 7.21
/bin/machine           = unknown
/usr/bin/oslevel       = unknown
/bin/universe          = unknown

PATH: /usr/bin
PATH: /bin
PATH: /usr/sbin
PATH: /sbin
PATH: /usr/local/bin
PATH: /Users/yazahmed/ybin
PATH: /usr/local/share/python
PATH: /Users/yazahmed/ybin/dep
PATH: /Applications/pamlX.app/Contents/paml4.7/bin
PATH: /Users/yazahmed/ybin/phylip-3.695/exe
PATH: /Users/yazahmed/ybin/TransDecoder_r20131117
PATH: /usr/local/ncbi/blast/bin


## ----------- ##
## Core tests. ##
## ----------- ##

configure:1869: Configuring HMMER for your system.
configure:2018: checking build system type
configure:2036: result: i386-apple-darwin13.0.0
configure:2058: checking host system type
configure:2073: result: i386-apple-darwin13.0.0
configure:2106: Full HMMER source distribution - using full configuration
configure:2316: checking for gcc
configure:2332: found /usr/bin/gcc
configure:2343: result: gcc
configure:2575: checking for C compiler version
configure:2583: gcc --version >&5
Configured with: --prefix=/Applications/Xcode.app/Contents/Developer/usr --with-gxx-include-dir=/usr/include/c++/4.2.1
Apple LLVM version 5.0 (clang-500.2.79) (based on LLVM 3.3svn)
Target: x86_64-apple-darwin13.0.0
Thread model: posix
configure:2587: $? = 0
configure:2594: gcc -v >&5
Configured with: --prefix=/Applications/Xcode.app/Contents/Developer/usr --with-gxx-include-dir=/usr/include/c++/4.2.1
Apple LLVM version 5.0 (clang-500.2.79) (based on LLVM 3.3svn)
Target: x86_64-apple-darwin13.0.0
Thread model: posix
configure:2598: $? = 0
configure:2605: gcc -V >&5
clang: error: argument to '-V' is missing (expected 1 value)
clang: error: no input files
configure:2609: $? = 1
configure:2632: checking for C compiler default output file name
configure:2654: gcc    conftest.c  >&5
configure:2658: $? = 0
configure:2696: result: a.out
configure:2715: checking whether the C compiler works
configure:2725: ./a.out
configure:2729: $? = 0
configure:2748: result: yes
configure:2755: checking whether we are cross compiling
configure:2757: result: no
configure:2760: checking for suffix of executables
configure:2767: gcc -o conftest    conftest.c  >&5
configure:2771: $? = 0
configure:2797: result: 
configure:2803: checking for suffix of object files
configure:2829: gcc -c   conftest.c >&5
configure:2833: $? = 0
configure:2858: result: o
configure:2862: checking whether we are using the GNU C compiler
configure:2891: gcc -c   conftest.c >&5
configure:2898: $? = 0
configure:2915: result: yes
configure:2924: checking whether gcc accepts -g
configure:2954: gcc -c -g  conftest.c >&5
configure:2961: $? = 0
configure:3062: result: yes
configure:3079: checking for gcc option to accept ISO C89
configure:3153: gcc  -c -g -O2  conftest.c >&5
configure:3160: $? = 0
configure:3183: result: none needed
configure:3203: checking for C compiler vendor
configure:3237: gcc -c -g -O2  conftest.c >&5
conftest.c:25:7: error: use of undeclared identifier 'thisisanerror'
      thisisanerror;
      ^
1 error generated.
configure:3244: $? = 1
configure: failed program was:
| /* confdefs.h.  */
| #define PACKAGE_NAME "HMMER"
| #define PACKAGE_TARNAME "hmmer"
| #define PACKAGE_VERSION "3.1b1"
| #define PACKAGE_STRING "HMMER 3.1b1"
| #define PACKAGE_BUGREPORT "eddys@janelia.hhmi.org"
| #define HMMER_DATE "May 2013"
| #define HMMER_COPYRIGHT "Copyright (C) 2013 Howard Hughes Medical Institute."
| #define HMMER_LICENSE "Freely distributed under the GNU General Public License (GPLv3)."
| #define HMMER_VERSION "3.1b1"
| #define HMMER_URL "http://hmmer.org/"
| #define EASEL_DATE "May 2013"
| #define EASEL_COPYRIGHT "Copyright (C) 2013 Howard Hughes Medical Institute."
| #define EASEL_LICENSE "Freely distributed under the Janelia Farm Software License."
| #define EASEL_VERSION "h3.1b1"
| #define eslLIBRARY 1
| #define eslDEBUGLEVEL 0
| /* end confdefs.h.  */
| 
| int
| main ()
| {
| 
| #if !(defined(__ICC) || defined(__ECC) || defined(__INTEL_COMPILER))
|       thisisanerror;
| #endif
| 
|   ;
|   return 0;
| }
configure:3237: gcc -c -g -O2  conftest.c >&5
conftest.c:25:7: error: use of undeclared identifier 'thisisanerror'
      thisisanerror;
      ^
1 error generated.
configure:3244: $? = 1
configure: failed program was:
| /* confdefs.h.  */
| #define PACKAGE_NAME "HMMER"
| #define PACKAGE_TARNAME "hmmer"
| #define PACKAGE_VERSION "3.1b1"
| #define PACKAGE_STRING "HMMER 3.1b1"
| #define PACKAGE_BUGREPORT "eddys@janelia.hhmi.org"
| #define HMMER_DATE "May 2013"
| #define HMMER_COPYRIGHT "Copyright (C) 2013 Howard Hughes Medical Institute."
| #define HMMER_LICENSE "Freely distributed under the GNU General Public License (GPLv3)."
| #define HMMER_VERSION "3.1b1"
| #define HMMER_URL "http://hmmer.org/"
| #define EASEL_DATE "May 2013"
| #define EASEL_COPYRIGHT "Copyright (C) 2013 Howard Hughes Medical Institute."
| #define EASEL_LICENSE "Freely distributed under the Janelia Farm Software License."
| #define EASEL_VERSION "h3.1b1"
| #define eslLIBRARY 1
| #define eslDEBUGLEVEL 0
| /* end confdefs.h.  */
| 
| int
| main ()
| {
| 
| #if !(defined(__xlc__) || defined(__xlC__) || defined(__IBMC__) || defined(__IBMCPP__))
|       thisisanerror;
| #endif
| 
|   ;
|   return 0;
| }
configure:3237: gcc -c -g -O2  conftest.c >&5
conftest.c:25:7: error: use of undeclared identifier 'thisisanerror'
      thisisanerror;
      ^
1 error generated.
configure:3244: $? = 1
configure: failed program was:
| /* confdefs.h.  */
| #define PACKAGE_NAME "HMMER"
| #define PACKAGE_TARNAME "hmmer"
| #define PACKAGE_VERSION "3.1b1"
| #define PACKAGE_STRING "HMMER 3.1b1"
| #define PACKAGE_BUGREPORT "eddys@janelia.hhmi.org"
| #define HMMER_DATE "May 2013"
| #define HMMER_COPYRIGHT "Copyright (C) 2013 Howard Hughes Medical Institute."
| #define HMMER_LICENSE "Freely distributed under the GNU General Public License (GPLv3)."
| #define HMMER_VERSION "3.1b1"
| #define HMMER_URL "http://hmmer.org/"
| #define EASEL_DATE "May 2013"
| #define EASEL_COPYRIGHT "Copyright (C) 2013 Howard Hughes Medical Institute."
| #define EASEL_LICENSE "Freely distributed under the Janelia Farm Software License."
| #define EASEL_VERSION "h3.1b1"
| #define eslLIBRARY 1
| #define eslDEBUGLEVEL 0
| /* end confdefs.h.  */
| 
| int
| main ()
| {
| 
| #if !(defined(__PATHCC__) || defined(__PATHSCALE__))
|       thisisanerror;
| #endif
| 
|   ;
|   return 0;
| }
configure:3237: gcc -c -g -O2  conftest.c >&5
configure:3244: $? = 0
configure:3261: result: gnu
configure:3501: checking for the pthreads library -lpthreads
configure:3544: gcc -o conftest -g -O2    conftest.c -lpthreads  >&5
ld: library not found for -lpthreads
clang: error: linker command failed with exit code 1 (use -v to see invocation)
configure:3551: $? = 1
configure: failed program was:
| /* confdefs.h.  */
| #define PACKAGE_NAME "HMMER"
| #define PACKAGE_TARNAME "hmmer"
| #define PACKAGE_VERSION "3.1b1"
| #define PACKAGE_STRING "HMMER 3.1b1"
| #define PACKAGE_BUGREPORT "eddys@janelia.hhmi.org"
| #define HMMER_DATE "May 2013"
| #define HMMER_COPYRIGHT "Copyright (C) 2013 Howard Hughes Medical Institute."
| #define HMMER_LICENSE "Freely distributed under the GNU General Public License (GPLv3)."
| #define HMMER_VERSION "3.1b1"
| #define HMMER_URL "http://hmmer.org/"
| #define EASEL_DATE "May 2013"
| #define EASEL_COPYRIGHT "Copyright (C) 2013 Howard Hughes Medical Institute."
| #define EASEL_LICENSE "Freely distributed under the Janelia Farm Software License."
| #define EASEL_VERSION "h3.1b1"
| #define eslLIBRARY 1
| #define eslDEBUGLEVEL 0
| /* end confdefs.h.  */
| #include <pthread.h>
| int
| main ()
| {
| pthread_t th; pthread_join(th, 0);
|                      pthread_attr_init(0); pthread_cleanup_push(0, 0);
|                      pthread_create(0,0,0,0); pthread_cleanup_pop(0);
|   ;
|   return 0;
| }
configure:3574: result: no
configure:3446: checking whether pthreads work without any flags
configure:3544: gcc -o conftest -g -O2    conftest.c   >&5
configure:3551: $? = 0
configure:3574: result: yes
configure:3594: checking for joinable pthread attribute
configure:3617: gcc -o conftest -g -O2    conftest.c   >&5
configure:3624: $? = 0
configure:3699: result: PTHREAD_CREATE_JOINABLE
configure:3706: checking if more special flags are required for pthreads
configure:3716: result: no
configure:3728: checking for cc_r
configure:3756: result: gcc
configure:3932: checking for gcc
configure:3959: result: gcc
configure:4191: checking for C compiler version
configure:4199: gcc --version >&5
Configured with: --prefix=/Applications/Xcode.app/Contents/Developer/usr --with-gxx-include-dir=/usr/include/c++/4.2.1
Apple LLVM version 5.0 (clang-500.2.79) (based on LLVM 3.3svn)
Target: x86_64-apple-darwin13.0.0
Thread model: posix
configure:4203: $? = 0
configure:4210: gcc -v >&5
Configured with: --prefix=/Applications/Xcode.app/Contents/Developer/usr --with-gxx-include-dir=/usr/include/c++/4.2.1
Apple LLVM version 5.0 (clang-500.2.79) (based on LLVM 3.3svn)
Target: x86_64-apple-darwin13.0.0
Thread model: posix
configure:4214: $? = 0
configure:4221: gcc -V >&5
clang: error: argument to '-V' is missing (expected 1 value)
clang: error: no input files
configure:4225: $? = 1
configure:4228: checking whether we are using the GNU C compiler
configure:4281: result: yes
configure:4290: checking whether gcc accepts -g
configure:4428: result: yes
configure:4445: checking for gcc option to accept ISO C89
configure:4549: result: none needed
configure:4581: checking for a BSD-compatible install
configure:4649: result: /usr/bin/install -c
configure:5029: checking how to run the C preprocessor
configure:5069: gcc -E  conftest.c
configure:5076: $? = 0
configure:5107: gcc -E  conftest.c
conftest.c:21:10: fatal error: 'ac_nonexistent.h' file not found
#include <ac_nonexistent.h>
         ^
1 error generated.
configure:5114: $? = 1
configure: failed program was:
| /* confdefs.h.  */
| #define PACKAGE_NAME "HMMER"
| #define PACKAGE_TARNAME "hmmer"
| #define PACKAGE_VERSION "3.1b1"
| #define PACKAGE_STRING "HMMER 3.1b1"
| #define PACKAGE_BUGREPORT "eddys@janelia.hhmi.org"
| #define HMMER_DATE "May 2013"
| #define HMMER_COPYRIGHT "Copyright (C) 2013 Howard Hughes Medical Institute."
| #define HMMER_LICENSE "Freely distributed under the GNU General Public License (GPLv3)."
| #define HMMER_VERSION "3.1b1"
| #define HMMER_URL "http://hmmer.org/"
| #define EASEL_DATE "May 2013"
| #define EASEL_COPYRIGHT "Copyright (C) 2013 Howard Hughes Medical Institute."
| #define EASEL_LICENSE "Freely distributed under the Janelia Farm Software License."
| #define EASEL_VERSION "h3.1b1"
| #define eslLIBRARY 1
| #define eslDEBUGLEVEL 0
| #define HMMER_THREADS 1
| #define HAVE_PTHREAD 1
| /* end confdefs.h.  */
| #include <ac_nonexistent.h>
configure:5147: result: gcc -E
configure:5176: gcc -E  conftest.c
configure:5183: $? = 0
configure:5214: gcc -E  conftest.c
conftest.c:21:10: fatal error: 'ac_nonexistent.h' file not found
#include <ac_nonexistent.h>
         ^
1 error generated.
configure:5221: $? = 1
configure: failed program was:
| /* confdefs.h.  */
| #define PACKAGE_NAME "HMMER"
| #define PACKAGE_TARNAME "hmmer"
| #define PACKAGE_VERSION "3.1b1"
| #define PACKAGE_STRING "HMMER 3.1b1"
| #define PACKAGE_BUGREPORT "eddys@janelia.hhmi.org"
| #define HMMER_DATE "May 2013"
| #define HMMER_COPYRIGHT "Copyright (C) 2013 Howard Hughes Medical Institute."
| #define HMMER_LICENSE "Freely distributed under the GNU General Public License (GPLv3)."
| #define HMMER_VERSION "3.1b1"
| #define HMMER_URL "http://hmmer.org/"
| #define EASEL_DATE "May 2013"
| #define EASEL_COPYRIGHT "Copyright (C) 2013 Howard Hughes Medical Institute."
| #define EASEL_LICENSE "Freely distributed under the Janelia Farm Software License."
| #define EASEL_VERSION "h3.1b1"
| #define eslLIBRARY 1
| #define eslDEBUGLEVEL 0
| #define HMMER_THREADS 1
| #define HAVE_PTHREAD 1
| /* end confdefs.h.  */
| #include <ac_nonexistent.h>
configure:5261: checking for C compiler vendor
configure:5319: result: gnu
configure:5326: checking for gcc option to accept ISO C99
configure:5485: gcc  -c -g -O2  conftest.c >&5
configure:5492: $? = 0
configure:5515: result: none needed
configure:5653: checking for gcc option to accept ISO Standard C
configure:5662: result: none needed
configure:5713: checking for ranlib
configure:5729: found /usr/bin/ranlib
configure:5740: result: ranlib
configure:5764: checking for ar
configure:5783: found /usr/bin/ar
configure:5796: result: /usr/bin/ar
configure:5805: checking whether you have a GNU make
configure:5816: result: yes, you do; and we assume you will use it!
configure:6215: checking whether C compiler accepts -fstrict-aliasing
configure:6244: gcc -c -fstrict-aliasing  conftest.c >&5
configure:6251: $? = 0
configure:6269: result: yes
configure:6294: checking for gcc architecture flag
configure:6296: result: 
configure:6318: checking for x86 cpuid 0 output
configure:6357: gcc -o conftest -O3 -fomit-frame-pointer -fstrict-aliasing   conftest.c  >&5
configure:6361: $? = 0
configure:6367: ./conftest
configure:6371: $? = 0
configure:6388: result: d:756e6547:6c65746e:49656e69
configure:6404: checking for x86 cpuid 1 output
configure:6443: gcc -o conftest -O3 -fomit-frame-pointer -fstrict-aliasing   conftest.c  >&5
configure:6447: $? = 0
configure:6453: ./conftest
configure:6457: $? = 0
configure:6474: result: 306a9:100800:7fbae3ff:bfebfbff
configure:6719: checking whether C compiler accepts -march=pentium2
configure:6744: gcc -c -march=pentium2  conftest.c >&5
error: unknown target CPU 'pentium2'
configure:6751: $? = 1
configure: failed program was:
| /* confdefs.h.  */
| #define PACKAGE_NAME "HMMER"
| #define PACKAGE_TARNAME "hmmer"
| #define PACKAGE_VERSION "3.1b1"
| #define PACKAGE_STRING "HMMER 3.1b1"
| #define PACKAGE_BUGREPORT "eddys@janelia.hhmi.org"
| #define HMMER_DATE "May 2013"
| #define HMMER_COPYRIGHT "Copyright (C) 2013 Howard Hughes Medical Institute."
| #define HMMER_LICENSE "Freely distributed under the GNU General Public License (GPLv3)."
| #define HMMER_VERSION "3.1b1"
| #define HMMER_URL "http://hmmer.org/"
| #define EASEL_DATE "May 2013"
| #define EASEL_COPYRIGHT "Copyright (C) 2013 Howard Hughes Medical Institute."
| #define EASEL_LICENSE "Freely distributed under the Janelia Farm Software License."
| #define EASEL_VERSION "h3.1b1"
| #define eslLIBRARY 1
| #define eslDEBUGLEVEL 0
| #define HMMER_THREADS 1
| #define HAVE_PTHREAD 1
| /* end confdefs.h.  */
| 
| int
| main ()
| {
| 
|   ;
|   return 0;
| }
configure:6767: result: no
configure:6719: checking whether C compiler accepts -mcpu=pentium2
configure:6744: gcc -c -mcpu=pentium2  conftest.c >&5
clang: warning: argument unused during compilation: '-mcpu=pentium2'
configure:6751: $? = 0
configure:6767: result: yes
configure:6784: checking for gcc architecture flag
configure:6786: result: -mcpu=pentium2
configure:6808: checking whether C compiler accepts -O3 -fomit-frame-pointer -fstrict-aliasing -mcpu=pentium2
configure:6833: gcc -c -O3 -fomit-frame-pointer -fstrict-aliasing -mcpu=pentium2  conftest.c >&5
clang: warning: argument unused during compilation: '-mcpu=pentium2'
configure:6840: $? = 0
configure:6856: result: yes
configure:6901: checking for gcc option to produce PIC
configure:6987: result: -fno-common
configure:6996: checking whether C compiler accepts -msse2
configure:7025: gcc -c -msse2  conftest.c >&5
configure:7032: $? = 0
configure:7050: result: yes
configure:7519: checking compiler support for sse2 cast functions
configure:7554: gcc -c -O3 -fomit-frame-pointer -fstrict-aliasing -mcpu=pentium2 -msse2  conftest.c >&5
clang: warning: argument unused during compilation: '-mcpu=pentium2'
configure:7561: $? = 0
configure:7579: result: yes
configure:7591: checking whether SSE2 is supported
configure:7624: gcc -c -O3 -fomit-frame-pointer -fstrict-aliasing -mcpu=pentium2 -msse2  conftest.c >&5
clang: warning: argument unused during compilation: '-mcpu=pentium2'
configure:7631: $? = 0
configure:7636: result: yes
configure:7730: checking whether _MM_SET_FLUSH_ZERO_MODE is supported
configure:7756: gcc -c -O3 -fomit-frame-pointer -fstrict-aliasing -mcpu=pentium2 -msse2  conftest.c >&5
clang: warning: argument unused during compilation: '-mcpu=pentium2'
configure:7763: $? = 0
configure:7768: result: yes
configure:7789: Activating Intel/AMD SSE optimized DP implementation
configure:7836: checking compiler support --start-group
configure:7861: gcc -o conftest -O3 -fomit-frame-pointer -fstrict-aliasing -mcpu=pentium2  -Wl,--start-group -Wl,--end-group  conftest.c  >&5
clang: warning: argument unused during compilation: '-mcpu=pentium2'
ld: unknown option: --start-group
clang: error: linker command failed with exit code 1 (use -v to see invocation)
configure:7868: $? = 1
configure: failed program was:
| /* confdefs.h.  */
| #define PACKAGE_NAME "HMMER"
| #define PACKAGE_TARNAME "hmmer"
| #define PACKAGE_VERSION "3.1b1"
| #define PACKAGE_STRING "HMMER 3.1b1"
| #define PACKAGE_BUGREPORT "eddys@janelia.hhmi.org"
| #define HMMER_DATE "May 2013"
| #define HMMER_COPYRIGHT "Copyright (C) 2013 Howard Hughes Medical Institute."
| #define HMMER_LICENSE "Freely distributed under the GNU General Public License (GPLv3)."
| #define HMMER_VERSION "3.1b1"
| #define HMMER_URL "http://hmmer.org/"
| #define EASEL_DATE "May 2013"
| #define EASEL_COPYRIGHT "Copyright (C) 2013 Howard Hughes Medical Institute."
| #define EASEL_LICENSE "Freely distributed under the Janelia Farm Software License."
| #define EASEL_VERSION "h3.1b1"
| #define eslLIBRARY 1
| #define eslDEBUGLEVEL 0
| #define HMMER_THREADS 1
| #define HAVE_PTHREAD 1
| #define HAVE_SSE2_CAST 1
| #define HAVE_FLUSH_ZERO_MODE 1
| #define HAVE_SSE2 1
| #define p7_IMPL_SSE 1
| /* end confdefs.h.  */
| 
| int
| main ()
| {
| 
|   ;
|   return 0;
| }
configure:7884: result: no
configure:7903: checking for gzip
configure:7921: found /usr/bin/gzip
configure:7934: result: /usr/bin/gzip
configure:8050: checking for grep that handles long lines and -e
configure:8110: result: /usr/bin/grep
configure:8115: checking for egrep
configure:8179: result: /usr/bin/grep -E
configure:8184: checking for ANSI C header files
configure:8214: gcc -c -O3 -fomit-frame-pointer -fstrict-aliasing -mcpu=pentium2  conftest.c >&5
clang: warning: argument unused during compilation: '-mcpu=pentium2'
configure:8221: $? = 0
configure:8320: gcc -o conftest -O3 -fomit-frame-pointer -fstrict-aliasing -mcpu=pentium2   conftest.c  >&5
clang: warning: argument unused during compilation: '-mcpu=pentium2'
configure:8324: $? = 0
configure:8330: ./conftest
configure:8334: $? = 0
configure:8352: result: yes
configure:8376: checking for sys/types.h
configure:8397: gcc -c -O3 -fomit-frame-pointer -fstrict-aliasing -mcpu=pentium2  conftest.c >&5
clang: warning: argument unused during compilation: '-mcpu=pentium2'
configure:8404: $? = 0
configure:8421: result: yes
configure:8376: checking for sys/stat.h
configure:8397: gcc -c -O3 -fomit-frame-pointer -fstrict-aliasing -mcpu=pentium2  conftest.c >&5
clang: warning: argument unused during compilation: '-mcpu=pentium2'
configure:8404: $? = 0
configure:8421: result: yes
configure:8376: checking for stdlib.h
configure:8397: gcc -c -O3 -fomit-frame-pointer -fstrict-aliasing -mcpu=pentium2  conftest.c >&5
clang: warning: argument unused during compilation: '-mcpu=pentium2'
configure:8404: $? = 0
configure:8421: result: yes
configure:8376: checking for string.h
configure:8397: gcc -c -O3 -fomit-frame-pointer -fstrict-aliasing -mcpu=pentium2  conftest.c >&5
clang: warning: argument unused during compilation: '-mcpu=pentium2'
configure:8404: $? = 0
configure:8421: result: yes
configure:8376: checking for memory.h
configure:8397: gcc -c -O3 -fomit-frame-pointer -fstrict-aliasing -mcpu=pentium2  conftest.c >&5
clang: warning: argument unused during compilation: '-mcpu=pentium2'
configure:8404: $? = 0
configure:8421: result: yes
configure:8376: checking for strings.h
configure:8397: gcc -c -O3 -fomit-frame-pointer -fstrict-aliasing -mcpu=pentium2  conftest.c >&5
clang: warning: argument unused during compilation: '-mcpu=pentium2'
configure:8404: $? = 0
configure:8421: result: yes
configure:8376: checking for inttypes.h
configure:8397: gcc -c -O3 -fomit-frame-pointer -fstrict-aliasing -mcpu=pentium2  conftest.c >&5
clang: warning: argument unused during compilation: '-mcpu=pentium2'
configure:8404: $? = 0
configure:8421: result: yes
configure:8376: checking for stdint.h
configure:8397: gcc -c -O3 -fomit-frame-pointer -fstrict-aliasing -mcpu=pentium2  conftest.c >&5
clang: warning: argument unused during compilation: '-mcpu=pentium2'
configure:8404: $? = 0
configure:8421: result: yes
configure:8376: checking for unistd.h
configure:8397: gcc -c -O3 -fomit-frame-pointer -fstrict-aliasing -mcpu=pentium2  conftest.c >&5
clang: warning: argument unused during compilation: '-mcpu=pentium2'
configure:8404: $? = 0
configure:8421: result: yes
configure:8445: checking for sys/types.h
configure:8452: result: yes
configure:8456: checking sys/sysctl.h usability
configure:8473: gcc -c -O3 -fomit-frame-pointer -fstrict-aliasing -mcpu=pentium2  conftest.c >&5
clang: warning: argument unused during compilation: '-mcpu=pentium2'
configure:8480: $? = 0
configure:8494: result: yes
configure:8498: checking sys/sysctl.h presence
configure:8513: gcc -E  conftest.c
configure:8520: $? = 0
configure:8534: result: yes
configure:8567: checking for sys/sysctl.h
configure:8576: result: yes
configure:8445: checking for unistd.h
configure:8452: result: yes
configure:8445: checking for stdint.h
configure:8452: result: yes
configure:8445: checking for inttypes.h
configure:8452: result: yes
configure:8456: checking endian.h usability
configure:8473: gcc -c -O3 -fomit-frame-pointer -fstrict-aliasing -mcpu=pentium2  conftest.c >&5
clang: warning: argument unused during compilation: '-mcpu=pentium2'
conftest.c:74:10: fatal error: 'endian.h' file not found
#include <endian.h>
         ^
1 error generated.
configure:8480: $? = 1
configure: failed program was:
| /* confdefs.h.  */
| #define PACKAGE_NAME "HMMER"
| #define PACKAGE_TARNAME "hmmer"
| #define PACKAGE_VERSION "3.1b1"
| #define PACKAGE_STRING "HMMER 3.1b1"
| #define PACKAGE_BUGREPORT "eddys@janelia.hhmi.org"
| #define HMMER_DATE "May 2013"
| #define HMMER_COPYRIGHT "Copyright (C) 2013 Howard Hughes Medical Institute."
| #define HMMER_LICENSE "Freely distributed under the GNU General Public License (GPLv3)."
| #define HMMER_VERSION "3.1b1"
| #define HMMER_URL "http://hmmer.org/"
| #define EASEL_DATE "May 2013"
| #define EASEL_COPYRIGHT "Copyright (C) 2013 Howard Hughes Medical Institute."
| #define EASEL_LICENSE "Freely distributed under the Janelia Farm Software License."
| #define EASEL_VERSION "h3.1b1"
| #define eslLIBRARY 1
| #define eslDEBUGLEVEL 0
| #define HMMER_THREADS 1
| #define HAVE_PTHREAD 1
| #define HAVE_SSE2_CAST 1
| #define HAVE_FLUSH_ZERO_MODE 1
| #define HAVE_SSE2 1
| #define p7_IMPL_SSE 1
| #define HAVE_GZIP 1
| #define STDC_HEADERS 1
| #define HAVE_SYS_TYPES_H 1
| #define HAVE_SYS_STAT_H 1
| #define HAVE_STDLIB_H 1
| #define HAVE_STRING_H 1
| #define HAVE_MEMORY_H 1
| #define HAVE_STRINGS_H 1
| #define HAVE_INTTYPES_H 1
| #define HAVE_STDINT_H 1
| #define HAVE_UNISTD_H 1
| #define HAVE_SYS_TYPES_H 1
| #define HAVE_SYS_SYSCTL_H 1
| #define HAVE_UNISTD_H 1
| #define HAVE_STDINT_H 1
| #define HAVE_INTTYPES_H 1
| /* end confdefs.h.  */
| #include <stdio.h>
| #ifdef HAVE_SYS_TYPES_H
| # include <sys/types.h>
| #endif
| #ifdef HAVE_SYS_STAT_H
| # include <sys/stat.h>
| #endif
| #ifdef STDC_HEADERS
| # include <stdlib.h>
| # include <stddef.h>
| #else
| # ifdef HAVE_STDLIB_H
| #  include <stdlib.h>
| # endif
| #endif
| #ifdef HAVE_STRING_H
| # if !defined STDC_HEADERS && defined HAVE_MEMORY_H
| #  include <memory.h>
| # endif
| # include <string.h>
| #endif
| #ifdef HAVE_STRINGS_H
| # include <strings.h>
| #endif
| #ifdef HAVE_INTTYPES_H
| # include <inttypes.h>
| #endif
| #ifdef HAVE_STDINT_H
| # include <stdint.h>
| #endif
| #ifdef HAVE_UNISTD_H
| # include <unistd.h>
| #endif
| #include <endian.h>
configure:8494: result: no
configure:8498: checking endian.h presence
configure:8513: gcc -E  conftest.c
conftest.c:41:10: fatal error: 'endian.h' file not found
#include <endian.h>
         ^
1 error generated.
configure:8520: $? = 1
configure: failed program was:
| /* confdefs.h.  */
| #define PACKAGE_NAME "HMMER"
| #define PACKAGE_TARNAME "hmmer"
| #define PACKAGE_VERSION "3.1b1"
| #define PACKAGE_STRING "HMMER 3.1b1"
| #define PACKAGE_BUGREPORT "eddys@janelia.hhmi.org"
| #define HMMER_DATE "May 2013"
| #define HMMER_COPYRIGHT "Copyright (C) 2013 Howard Hughes Medical Institute."
| #define HMMER_LICENSE "Freely distributed under the GNU General Public License (GPLv3)."
| #define HMMER_VERSION "3.1b1"
| #define HMMER_URL "http://hmmer.org/"
| #define EASEL_DATE "May 2013"
| #define EASEL_COPYRIGHT "Copyright (C) 2013 Howard Hughes Medical Institute."
| #define EASEL_LICENSE "Freely distributed under the Janelia Farm Software License."
| #define EASEL_VERSION "h3.1b1"
| #define eslLIBRARY 1
| #define eslDEBUGLEVEL 0
| #define HMMER_THREADS 1
| #define HAVE_PTHREAD 1
| #define HAVE_SSE2_CAST 1
| #define HAVE_FLUSH_ZERO_MODE 1
| #define HAVE_SSE2 1
| #define p7_IMPL_SSE 1
| #define HAVE_GZIP 1
| #define STDC_HEADERS 1
| #define HAVE_SYS_TYPES_H 1
| #define HAVE_SYS_STAT_H 1
| #define HAVE_STDLIB_H 1
| #define HAVE_STRING_H 1
| #define HAVE_MEMORY_H 1
| #define HAVE_STRINGS_H 1
| #define HAVE_INTTYPES_H 1
| #define HAVE_STDINT_H 1
| #define HAVE_UNISTD_H 1
| #define HAVE_SYS_TYPES_H 1
| #define HAVE_SYS_SYSCTL_H 1
| #define HAVE_UNISTD_H 1
| #define HAVE_STDINT_H 1
| #define HAVE_INTTYPES_H 1
| /* end confdefs.h.  */
| #include <endian.h>
configure:8534: result: no
configure:8567: checking for endian.h
configure:8576: result: no
configure:8757: checking whether byte ordering is bigendian
configure:8782: gcc -c -O3 -fomit-frame-pointer -fstrict-aliasing -mcpu=pentium2  conftest.c >&5
clang: warning: argument unused during compilation: '-mcpu=pentium2'
configure:8789: $? = 0
configure:8839: gcc -c -O3 -fomit-frame-pointer -fstrict-aliasing -mcpu=pentium2  conftest.c >&5
clang: warning: argument unused during compilation: '-mcpu=pentium2'
configure:8846: $? = 0
configure:8878: gcc -c -O3 -fomit-frame-pointer -fstrict-aliasing -mcpu=pentium2  conftest.c >&5
clang: warning: argument unused during compilation: '-mcpu=pentium2'
conftest.c:48:4: error: use of undeclared identifier 'not'
                 not big endian
                 ^
1 error generated.
configure:8885: $? = 1
configure: failed program was:
| /* confdefs.h.  */
| #define PACKAGE_NAME "HMMER"
| #define PACKAGE_TARNAME "hmmer"
| #define PACKAGE_VERSION "3.1b1"
| #define PACKAGE_STRING "HMMER 3.1b1"
| #define PACKAGE_BUGREPORT "eddys@janelia.hhmi.org"
| #define HMMER_DATE "May 2013"
| #define HMMER_COPYRIGHT "Copyright (C) 2013 Howard Hughes Medical Institute."
| #define HMMER_LICENSE "Freely distributed under the GNU General Public License (GPLv3)."
| #define HMMER_VERSION "3.1b1"
| #define HMMER_URL "http://hmmer.org/"
| #define EASEL_DATE "May 2013"
| #define EASEL_COPYRIGHT "Copyright (C) 2013 Howard Hughes Medical Institute."
| #define EASEL_LICENSE "Freely distributed under the Janelia Farm Software License."
| #define EASEL_VERSION "h3.1b1"
| #define eslLIBRARY 1
| #define eslDEBUGLEVEL 0
| #define HMMER_THREADS 1
| #define HAVE_PTHREAD 1
| #define HAVE_SSE2_CAST 1
| #define HAVE_FLUSH_ZERO_MODE 1
| #define HAVE_SSE2 1
| #define p7_IMPL_SSE 1
| #define HAVE_GZIP 1
| #define STDC_HEADERS 1
| #define HAVE_SYS_TYPES_H 1
| #define HAVE_SYS_STAT_H 1
| #define HAVE_STDLIB_H 1
| #define HAVE_STRING_H 1
| #define HAVE_MEMORY_H 1
| #define HAVE_STRINGS_H 1
| #define HAVE_INTTYPES_H 1
| #define HAVE_STDINT_H 1
| #define HAVE_UNISTD_H 1
| #define HAVE_SYS_TYPES_H 1
| #define HAVE_SYS_SYSCTL_H 1
| #define HAVE_UNISTD_H 1
| #define HAVE_STDINT_H 1
| #define HAVE_INTTYPES_H 1
| /* end confdefs.h.  */
| #include <sys/types.h>
| 		#include <sys/param.h>
| 
| int
| main ()
| {
| #if BYTE_ORDER != BIG_ENDIAN
| 		 not big endian
| 		#endif
| 
|   ;
|   return 0;
| }
configure:9137: result: no
configure:9163: checking for uint8_t
configure:9194: gcc -c -O3 -fomit-frame-pointer -fstrict-aliasing -mcpu=pentium2  conftest.c >&5
clang: warning: argument unused during compilation: '-mcpu=pentium2'
configure:9201: $? = 0
configure:9222: result: yes
configure:9240: checking for uint16_t
configure:9271: gcc -c -O3 -fomit-frame-pointer -fstrict-aliasing -mcpu=pentium2  conftest.c >&5
clang: warning: argument unused during compilation: '-mcpu=pentium2'
configure:9278: $? = 0
configure:9299: result: yes
configure:9313: checking for uint32_t
configure:9344: gcc -c -O3 -fomit-frame-pointer -fstrict-aliasing -mcpu=pentium2  conftest.c >&5
clang: warning: argument unused during compilation: '-mcpu=pentium2'
configure:9351: $? = 0
configure:9372: result: yes
configure:9390: checking for uint64_t
configure:9421: gcc -c -O3 -fomit-frame-pointer -fstrict-aliasing -mcpu=pentium2  conftest.c >&5
clang: warning: argument unused during compilation: '-mcpu=pentium2'
configure:9428: $? = 0
configure:9449: result: yes
configure:9466: checking for off_t
configure:9494: gcc -c -O3 -fomit-frame-pointer -fstrict-aliasing -mcpu=pentium2  conftest.c >&5
clang: warning: argument unused during compilation: '-mcpu=pentium2'
configure:9501: $? = 0
configure:9528: gcc -c -O3 -fomit-frame-pointer -fstrict-aliasing -mcpu=pentium2  conftest.c >&5
clang: warning: argument unused during compilation: '-mcpu=pentium2'
conftest.c:77:20: error: expected expression
if (sizeof ((off_t)))
                   ^
1 error generated.
configure:9535: $? = 1
configure: failed program was:
| /* confdefs.h.  */
| #define PACKAGE_NAME "HMMER"
| #define PACKAGE_TARNAME "hmmer"
| #define PACKAGE_VERSION "3.1b1"
| #define PACKAGE_STRING "HMMER 3.1b1"
| #define PACKAGE_BUGREPORT "eddys@janelia.hhmi.org"
| #define HMMER_DATE "May 2013"
| #define HMMER_COPYRIGHT "Copyright (C) 2013 Howard Hughes Medical Institute."
| #define HMMER_LICENSE "Freely distributed under the GNU General Public License (GPLv3)."
| #define HMMER_VERSION "3.1b1"
| #define HMMER_URL "http://hmmer.org/"
| #define EASEL_DATE "May 2013"
| #define EASEL_COPYRIGHT "Copyright (C) 2013 Howard Hughes Medical Institute."
| #define EASEL_LICENSE "Freely distributed under the Janelia Farm Software License."
| #define EASEL_VERSION "h3.1b1"
| #define eslLIBRARY 1
| #define eslDEBUGLEVEL 0
| #define HMMER_THREADS 1
| #define HAVE_PTHREAD 1
| #define HAVE_SSE2_CAST 1
| #define HAVE_FLUSH_ZERO_MODE 1
| #define HAVE_SSE2 1
| #define p7_IMPL_SSE 1
| #define HAVE_GZIP 1
| #define STDC_HEADERS 1
| #define HAVE_SYS_TYPES_H 1
| #define HAVE_SYS_STAT_H 1
| #define HAVE_STDLIB_H 1
| #define HAVE_STRING_H 1
| #define HAVE_MEMORY_H 1
| #define HAVE_STRINGS_H 1
| #define HAVE_INTTYPES_H 1
| #define HAVE_STDINT_H 1
| #define HAVE_UNISTD_H 1
| #define HAVE_SYS_TYPES_H 1
| #define HAVE_SYS_SYSCTL_H 1
| #define HAVE_UNISTD_H 1
| #define HAVE_STDINT_H 1
| #define HAVE_INTTYPES_H 1
| /* end confdefs.h.  */
| #include <stdio.h>
| #ifdef HAVE_SYS_TYPES_H
| # include <sys/types.h>
| #endif
| #ifdef HAVE_SYS_STAT_H
| # include <sys/stat.h>
| #endif
| #ifdef STDC_HEADERS
| # include <stdlib.h>
| # include <stddef.h>
| #else
| # ifdef HAVE_STDLIB_H
| #  include <stdlib.h>
| # endif
| #endif
| #ifdef HAVE_STRING_H
| # if !defined STDC_HEADERS && defined HAVE_MEMORY_H
| #  include <memory.h>
| # endif
| # include <string.h>
| #endif
| #ifdef HAVE_STRINGS_H
| # include <strings.h>
| #endif
| #ifdef HAVE_INTTYPES_H
| # include <inttypes.h>
| #endif
| #ifdef HAVE_STDINT_H
| # include <stdint.h>
| #endif
| #ifdef HAVE_UNISTD_H
| # include <unistd.h>
| #endif
| int
| main ()
| {
| if (sizeof ((off_t)))
| 	  return 0;
|   ;
|   return 0;
| }
configure:9558: result: yes
configure:9577: checking for mkstemp
configure:9633: gcc -o conftest -O3 -fomit-frame-pointer -fstrict-aliasing -mcpu=pentium2   conftest.c  >&5
clang: warning: argument unused during compilation: '-mcpu=pentium2'
configure:9640: $? = 0
configure:9662: result: yes
configure:9678: checking for popen
configure:9734: gcc -o conftest -O3 -fomit-frame-pointer -fstrict-aliasing -mcpu=pentium2   conftest.c  >&5
clang: warning: argument unused during compilation: '-mcpu=pentium2'
configure:9741: $? = 0
configure:9763: result: yes
configure:9779: checking for strcasecmp
configure:9835: gcc -o conftest -O3 -fomit-frame-pointer -fstrict-aliasing -mcpu=pentium2   conftest.c  >&5
clang: warning: argument unused during compilation: '-mcpu=pentium2'
conftest.c:66:6: warning: incompatible redeclaration of library function 'strcasecmp' [-Wincompatible-library-redeclaration]
char strcasecmp ();
     ^
conftest.c:66:6: note: 'strcasecmp' is a builtin with type 'int (const char *, const char *)'
1 warning generated.
configure:9842: $? = 0
configure:9864: result: yes
configure:9880: checking for times
configure:9936: gcc -o conftest -O3 -fomit-frame-pointer -fstrict-aliasing -mcpu=pentium2   conftest.c  >&5
clang: warning: argument unused during compilation: '-mcpu=pentium2'
configure:9943: $? = 0
configure:9965: result: yes
configure:9981: checking for getpid
configure:10037: gcc -o conftest -O3 -fomit-frame-pointer -fstrict-aliasing -mcpu=pentium2   conftest.c  >&5
clang: warning: argument unused during compilation: '-mcpu=pentium2'
configure:10044: $? = 0
configure:10066: result: yes
configure:10082: checking for sysctl
configure:10138: gcc -o conftest -O3 -fomit-frame-pointer -fstrict-aliasing -mcpu=pentium2   conftest.c  >&5
clang: warning: argument unused during compilation: '-mcpu=pentium2'
configure:10145: $? = 0
configure:10167: result: yes
configure:10183: checking for sysconf
configure:10239: gcc -o conftest -O3 -fomit-frame-pointer -fstrict-aliasing -mcpu=pentium2   conftest.c  >&5
clang: warning: argument unused during compilation: '-mcpu=pentium2'
configure:10246: $? = 0
configure:10268: result: yes
configure:10284: checking for getcwd
configure:10340: gcc -o conftest -O3 -fomit-frame-pointer -fstrict-aliasing -mcpu=pentium2   conftest.c  >&5
clang: warning: argument unused during compilation: '-mcpu=pentium2'
configure:10347: $? = 0
configure:10369: result: yes
configure:10385: checking for stat
configure:10441: gcc -o conftest -O3 -fomit-frame-pointer -fstrict-aliasing -mcpu=pentium2   conftest.c  >&5
clang: warning: argument unused during compilation: '-mcpu=pentium2'
configure:10448: $? = 0
configure:10470: result: yes
configure:10486: checking for fstat
configure:10542: gcc -o conftest -O3 -fomit-frame-pointer -fstrict-aliasing -mcpu=pentium2   conftest.c  >&5
clang: warning: argument unused during compilation: '-mcpu=pentium2'
configure:10549: $? = 0
configure:10571: result: yes
configure:10588: checking for ntohs
configure:10644: gcc -o conftest -O3 -fomit-frame-pointer -fstrict-aliasing -mcpu=pentium2   conftest.c  >&5
clang: warning: argument unused during compilation: '-mcpu=pentium2'
configure:10651: $? = 0
configure:10673: result: yes
configure:10765: checking for ntohl
configure:10821: gcc -o conftest -O3 -fomit-frame-pointer -fstrict-aliasing -mcpu=pentium2   conftest.c  >&5
clang: warning: argument unused during compilation: '-mcpu=pentium2'
configure:10828: $? = 0
configure:10850: result: yes
configure:10942: checking for htons
configure:10998: gcc -o conftest -O3 -fomit-frame-pointer -fstrict-aliasing -mcpu=pentium2   conftest.c  >&5
clang: warning: argument unused during compilation: '-mcpu=pentium2'
configure:11005: $? = 0
configure:11027: result: yes
configure:11119: checking for htonl
configure:11175: gcc -o conftest -O3 -fomit-frame-pointer -fstrict-aliasing -mcpu=pentium2   conftest.c  >&5
clang: warning: argument unused during compilation: '-mcpu=pentium2'
configure:11182: $? = 0
configure:11204: result: yes
configure:11292: checking for _LARGEFILE_SOURCE value needed for large files
configure:11321: gcc -o conftest -O3 -fomit-frame-pointer -fstrict-aliasing -mcpu=pentium2   conftest.c  >&5
clang: warning: argument unused during compilation: '-mcpu=pentium2'
configure:11328: $? = 0
configure:11401: result: no
configure:11435: checking for special C compiler options needed for large files
configure:11530: result: no
configure:11536: checking for _FILE_OFFSET_BITS value needed for large files
configure:11571: gcc -c -O3 -fomit-frame-pointer -fstrict-aliasing -mcpu=pentium2  conftest.c >&5
clang: warning: argument unused during compilation: '-mcpu=pentium2'
configure:11578: $? = 0
configure:11647: result: no
configure:11949: creating ./config.status

## ---------------------- ##
## Running config.status. ##
## ---------------------- ##

This file was extended by HMMER config.status 3.1b1, which was
generated by GNU Autoconf 2.63.  Invocation command line was

  CONFIG_FILES    = 
  CONFIG_HEADERS  = 
  CONFIG_LINKS    = 
  CONFIG_COMMANDS = 
  $ ./config.status 

on dhcp-10-5-19-130.wireless.rochester.edu

config.status:823: creating documentation/Makefile
config.status:823: creating documentation/man/Makefile
config.status:823: creating src/Makefile
config.status:823: creating testsuite/Makefile
config.status:823: creating profmark/Makefile
config.status:823: creating src/impl_sse/Makefile
config.status:823: creating easel/miniapps/Makefile
config.status:823: creating easel/testsuite/Makefile
config.status:823: creating easel/Makefile
config.status:823: creating libdivsufsort/Makefile
config.status:823: creating Makefile
config.status:823: creating src/p7_config.h
config.status:823: creating easel/esl_config.h
config.status:823: creating libdivsufsort/divsufsort.h
config.status:1069: linking src/impl_sse to src/impl

## ---------------- ##
## Cache variables. ##
## ---------------- ##

ac_cv_build=i386-apple-darwin13.0.0
ac_cv_c_bigendian=no
ac_cv_c_compiler_gnu=yes
ac_cv_c_uint16_t=yes
ac_cv_c_uint32_t=yes
ac_cv_c_uint64_t=yes
ac_cv_c_uint8_t=yes
ac_cv_env_CC_set=
ac_cv_env_CC_value=
ac_cv_env_CFLAGS_set=
ac_cv_env_CFLAGS_value=
ac_cv_env_CPPFLAGS_set=
ac_cv_env_CPPFLAGS_value=
ac_cv_env_CPP_set=
ac_cv_env_CPP_value=
ac_cv_env_LDFLAGS_set=
ac_cv_env_LDFLAGS_value=
ac_cv_env_LIBS_set=
ac_cv_env_LIBS_value=
ac_cv_env_MPICC_set=
ac_cv_env_MPICC_value=
ac_cv_env_PIC_FLAGS_set=
ac_cv_env_PIC_FLAGS_value=
ac_cv_env_build_alias_set=
ac_cv_env_build_alias_value=
ac_cv_env_host_alias_set=
ac_cv_env_host_alias_value=
ac_cv_env_target_alias_set=
ac_cv_env_target_alias_value=
ac_cv_func_fstat=yes
ac_cv_func_getcwd=yes
ac_cv_func_getpid=yes
ac_cv_func_htonl=yes
ac_cv_func_htons=yes
ac_cv_func_mkstemp=yes
ac_cv_func_ntohl=yes
ac_cv_func_ntohs=yes
ac_cv_func_popen=yes
ac_cv_func_stat=yes
ac_cv_func_strcasecmp=yes
ac_cv_func_sysconf=yes
ac_cv_func_sysctl=yes
ac_cv_func_times=yes
ac_cv_header_endian_h=no
ac_cv_header_inttypes_h=yes
ac_cv_header_memory_h=yes
ac_cv_header_stdc=yes
ac_cv_header_stdint_h=yes
ac_cv_header_stdlib_h=yes
ac_cv_header_string_h=yes
ac_cv_header_strings_h=yes
ac_cv_header_sys_stat_h=yes
ac_cv_header_sys_sysctl_h=yes
ac_cv_header_sys_types_h=yes
ac_cv_header_unistd_h=yes
ac_cv_host=i386-apple-darwin13.0.0
ac_cv_objext=o
ac_cv_path_AR=/usr/bin/ar
ac_cv_path_EGREP='/usr/bin/grep -E'
ac_cv_path_GREP=/usr/bin/grep
ac_cv_path_HAVE_GZIP=/usr/bin/gzip
ac_cv_path_install='/usr/bin/install -c'
ac_cv_prog_CPP='gcc -E'
ac_cv_prog_PTHREAD_CC=gcc
ac_cv_prog_ac_ct_CC=gcc
ac_cv_prog_ac_ct_RANLIB=ranlib
ac_cv_prog_cc_c89=
ac_cv_prog_cc_c99=
ac_cv_prog_cc_g=yes
ac_cv_prog_cc_stdc=
ac_cv_sys_file_offset_bits=no
ac_cv_sys_largefile_CC=no
ac_cv_sys_largefile_source=no
ac_cv_type_off_t=yes
ax_cv_c_compiler_vendor=gnu
ax_cv_c_flags__O3__fomit_frame_pointer__fstrict_aliasing__mcpu_pentium2=yes
ax_cv_c_flags__fstrict_aliasing=yes
ax_cv_c_flags__march_pentium2=no
ax_cv_c_flags__mcpu_pentium2=yes
ax_cv_c_flags__msse2=yes
ax_cv_gcc_archflag=-mcpu=pentium2
ax_cv_gcc_x86_cpuid_0=d:756e6547:6c65746e:49656e69
ax_cv_gcc_x86_cpuid_1=306a9:100800:7fbae3ff:bfebfbff

## ----------------- ##
## Output variables. ##
## ----------------- ##

AR='/usr/bin/ar'
CC='gcc'
CFLAGS='-O3 -fomit-frame-pointer -fstrict-aliasing -mcpu=pentium2'
CPP='gcc -E'
CPPFLAGS=''
DEFS='-DHAVE_CONFIG_H'
EASEL_COPYRIGHT='Copyright (C) 2013 Howard Hughes Medical Institute.'
EASEL_DATE='May 2013'
EASEL_LICENSE='Freely distributed under the Janelia Farm Software License.'
EASEL_URL='http://bioeasel.org/'
EASEL_VERSION='h3.1b1'
ECHO_C='\c'
ECHO_N=''
ECHO_T=''
EGREP='/usr/bin/grep -E'
EXEC_DEPENDENCY='%: %.o'
EXEEXT=''
GREP='/usr/bin/grep'
GROUPHMMERLIBS='-lhmmer -lhmmerimpl'
HAVE_GZIP='/usr/bin/gzip'
HMMERIMPLLIB='impl_sse/libhmmerimpl.a'
HMMER_COPYRIGHT='Copyright (C) 2013 Howard Hughes Medical Institute.'
HMMER_DATE='May 2013'
HMMER_ESLDIR='easel'
HMMER_LICENSE='Freely distributed under the GNU General Public License (GPLv3).'
HMMER_SADIR='libdivsufsort'
HMMER_URL='http://hmmer.org/'
HMMER_VERSION='3.1b1'
IMPL_CHOICE='sse'
INSTALL_DATA='${INSTALL} -m 644'
INSTALL_PROGRAM='${INSTALL}'
INSTALL_SCRIPT='${INSTALL}'
LDFLAGS=''
LIBGSL=''
LIBOBJS=''
LIBS=''
LTLIBOBJS=''
MPICC=''
MPILIBS=''
MPI_BENCHMARKS=''
MPI_UTESTS=''
OBJEXT='o'
PACKAGE_BUGREPORT='eddys@janelia.hhmi.org'
PACKAGE_NAME='HMMER'
PACKAGE_STRING='HMMER 3.1b1'
PACKAGE_TARNAME='hmmer'
PACKAGE_VERSION='3.1b1'
PATH_SEPARATOR=':'
PIC_FLAGS='-fno-common'
PRTDIAG=''
PTHREAD_CC='gcc'
PTHREAD_CFLAGS=''
PTHREAD_LIBS=''
RANLIB='ranlib'
SHELL='/bin/sh'
SIMD_CFLAGS='-msse2'
ac_ct_CC='gcc'
acx_pthread_config=''
bindir='${exec_prefix}/bin'
build='i386-apple-darwin13.0.0'
build_alias=''
build_cpu='i386'
build_os='darwin13.0.0'
build_vendor='apple'
datadir='${datarootdir}'
datarootdir='${prefix}/share'
docdir='${datarootdir}/doc/${PACKAGE_TARNAME}'
dvidir='${docdir}'
exec_prefix='${prefix}'
host='i386-apple-darwin13.0.0'
host_alias=''
host_cpu='i386'
host_os='darwin13.0.0'
host_vendor='apple'
htmldir='${docdir}'
includedir='${prefix}/include'
infodir='${datarootdir}/info'
libdir='${exec_prefix}/lib'
libexecdir='${exec_prefix}/libexec'
localedir='${datarootdir}/locale'
localstatedir='${prefix}/var'
mandir='${datarootdir}/man'
oldincludedir='/usr/include'
pdfdir='${docdir}'
prefix='/usr/local'
program_transform_name='s,x,x,'
psdir='${docdir}'
sbindir='${exec_prefix}/sbin'
sharedstatedir='${prefix}/com'
sysconfdir='${prefix}/etc'
target_alias=''

## ----------- ##
## confdefs.h. ##
## ----------- ##

#define PACKAGE_NAME "HMMER"
#define PACKAGE_TARNAME "hmmer"
#define PACKAGE_VERSION "3.1b1"
#define PACKAGE_STRING "HMMER 3.1b1"
#define PACKAGE_BUGREPORT "eddys@janelia.hhmi.org"
#define HMMER_DATE "May 2013"
#define HMMER_COPYRIGHT "Copyright (C) 2013 Howard Hughes Medical Institute."
#define HMMER_LICENSE "Freely distributed under the GNU General Public License (GPLv3)."
#define HMMER_VERSION "3.1b1"
#define HMMER_URL "http://hmmer.org/"
#define EASEL_DATE "May 2013"
#define EASEL_COPYRIGHT "Copyright (C) 2013 Howard Hughes Medical Institute."
#define EASEL_LICENSE "Freely distributed under the Janelia Farm Software License."
#define EASEL_VERSION "h3.1b1"
#define eslLIBRARY 1
#define eslDEBUGLEVEL 0
#define HMMER_THREADS 1
#define HAVE_PTHREAD 1
#define HAVE_SSE2_CAST 1
#define HAVE_FLUSH_ZERO_MODE 1
#define HAVE_SSE2 1
#define p7_IMPL_SSE 1
#define HAVE_GZIP 1
#define STDC_HEADERS 1
#define HAVE_SYS_TYPES_H 1
#define HAVE_SYS_STAT_H 1
#define HAVE_STDLIB_H 1
#define HAVE_STRING_H 1
#define HAVE_MEMORY_H 1
#define HAVE_STRINGS_H 1
#define HAVE_INTTYPES_H 1
#define HAVE_STDINT_H 1
#define HAVE_UNISTD_H 1
#define HAVE_SYS_TYPES_H 1
#define HAVE_SYS_SYSCTL_H 1
#define HAVE_UNISTD_H 1
#define HAVE_STDINT_H 1
#define HAVE_INTTYPES_H 1
#define HAVE_MKSTEMP 1
#define HAVE_POPEN 1
#define HAVE_STRCASECMP 1
#define HAVE_TIMES 1
#define HAVE_GETPID 1
#define HAVE_SYSCTL 1
#define HAVE_SYSCONF 1
#define HAVE_GETCWD 1
#define HAVE_STAT 1
#define HAVE_FSTAT 1
#define HAVE_NTOHS 1
#define HAVE_NTOHL 1
#define HAVE_HTONS 1
#define HAVE_HTONL 1
#define HAVE_FSEEKO 1

configure: exit 0
